
Showing logs for build [32mcb-kubecd-bdd-gh-1577456701-pr-1[0m stage [32mfrom-build-pack[0m and container [32mstep-credential-initializer-k9rvz[0m
{"level":"warn","ts":1577458903.7296777,"logger":"fallback-logger","caller":"logging/config.go:69","msg":"Fetch GitHub commit ID from kodata failed: \"ref: refs/heads/master\" is not a valid GitHub commit ID"}
{"level":"info","ts":1577458903.731309,"logger":"fallback-logger","caller":"creds-init/main.go:40","msg":"Credentials initialized."}

Showing logs for build [32mcb-kubecd-bdd-gh-1577456701-pr-1[0m stage [32mfrom-build-pack[0m and container [32mstep-working-dir-initializer-w5b5h[0m
{"level":"warn","ts":1577458905.3468874,"logger":"fallback-logger","caller":"logging/config.go:69","msg":"Fetch GitHub commit ID from kodata failed: open /var/run/ko/HEAD: no such file or directory"}
{"level":"info","ts":1577458905.3692656,"logger":"fallback-logger","caller":"bash/main.go:65","msg":"Successfully executed command \"mkdir -p /workspace/source\""}

Showing logs for build [32mcb-kubecd-bdd-gh-1577456701-pr-1[0m stage [32mfrom-build-pack[0m and container [32mstep-place-tools[0m

Showing logs for build [32mcb-kubecd-bdd-gh-1577456701-pr-1[0m stage [32mfrom-build-pack[0m and container [32mstep-git-source-cb-kubecd-bdd-gh-1577456701-pr-hqwwq[0m
{"level":"warn","ts":1577458910.1714249,"logger":"fallback-logger","caller":"logging/config.go:69","msg":"Fetch GitHub commit ID from kodata failed: \"ref: refs/heads/master\" is not a valid GitHub commit ID"}
{"level":"info","ts":1577458910.813314,"logger":"fallback-logger","caller":"git/git.go:102","msg":"Successfully cloned https://github.com/cb-kubecd/bdd-gh-1577456701.git @ master in path /workspace/source"}

Showing logs for build [32mcb-kubecd-bdd-gh-1577456701-pr-1[0m stage [32mfrom-build-pack[0m and container [32mstep-git-merge[0m
Using SHAs from PULL_REFS=master:38676a0b1b6478ec42086b9f21f9bb4099135346,1:3e487ae0595ae804ad9acc2485758c2fd9aac2be
DEBUG: ran git fetch --unshallow origin 3e487ae0595ae804ad9acc2485758c2fd9aac2be: 38676a0b1b6478ec42086b9f21f9bb4099135346: in 
DEBUG: ran git checkout master in 
DEBUG: ran git reset --hard 38676a0b1b6478ec42086b9f21f9bb4099135346 in 
DEBUG: ran clean --force -d . in 
DEBUG: ran git merge 3e487ae0595ae804ad9acc2485758c2fd9aac2be in 
Merged SHA 3e487ae0595ae804ad9acc2485758c2fd9aac2be with commit message 'My first PR commit' into base branch master

Showing logs for build [32mcb-kubecd-bdd-gh-1577456701-pr-1[0m stage [32mfrom-build-pack[0m and container [32mstep-build-make-linux[0m
CGO_ENABLED=0 GOOS=linux GOARCH=amd64 GO15VENDOREXPERIMENT=1 go build -ldflags '' -o bin/bdd-gh-1577456701 main.go

Showing logs for build [32mcb-kubecd-bdd-gh-1577456701-pr-1[0m stage [32mfrom-build-pack[0m and container [32mstep-build-container-build[0m
[36mINFO[0m[0000] No base image, nothing to extract            
[36mINFO[0m[0000] cmd: EXPOSE                                  
[36mINFO[0m[0000] Adding exposed port: 8080/tcp                
[36mINFO[0m[0000] Using files from context: [/workspace/source/bin] 
[36mINFO[0m[0000] Skipping unpacking as no commands require it. 
[36mINFO[0m[0000] Taking snapshot of full filesystem...        
[36mINFO[0m[0000] EXPOSE 8080                                  
[36mINFO[0m[0000] cmd: EXPOSE                                  
[36mINFO[0m[0000] Adding exposed port: 8080/tcp                
[36mINFO[0m[0000] No files changed in this command, skipping snapshotting. 
[36mINFO[0m[0000] ENTRYPOINT ["/bdd-gh-1577456701"]            
[36mINFO[0m[0000] No files changed in this command, skipping snapshotting. 
[36mINFO[0m[0000] Using files from context: [/workspace/source/bin] 
[36mINFO[0m[0000] COPY ./bin/ /                                
[36mINFO[0m[0000] Taking snapshot of files...                  
2019/12/27 15:02:07 pushed blob: sha256:72e1c4e77e44c509016cd054f441c60a6bfc1e1bb01e1d7077adc0b110632833
2019/12/27 15:02:07 pushed blob: sha256:5a751dbd4c0951792541b4b661f54c31426a677f3a97c3c1b014d77fbd8fe341
2019/12/27 15:02:09 gcr.io/jenkins-x-bdd3/bdd-gh-1577456701:0.0.0-SNAPSHOT-PR-1-1: digest: sha256:0f169c317ad89045684675b2a4e1b4c84d2c38c90333accf30f395104e629955 size: 428

Showing logs for build [32mcb-kubecd-bdd-gh-1577456701-pr-1[0m stage [32mfrom-build-pack[0m and container [32mstep-postbuild-post-build[0m
no CVE provider running in the current ** namespace so skip adding image to be analysed

Showing logs for build [32mcb-kubecd-bdd-gh-1577456701-pr-1[0m stage [32mfrom-build-pack[0m and container [32mstep-promote-make-preview[0m
sed -i -e "s/version:.*/version: 0.0.0-SNAPSHOT-PR-1-1/" Chart.yaml
sed -i -e "s/version:.*/version: 0.0.0-SNAPSHOT-PR-1-1/" ../*/Chart.yaml
sed -i -e "s|repository:.*|repository: gcr.io\/jenkins-x-bdd3\/bdd-gh-1577456701|" values.yaml
sed -i -e "s/tag:.*/tag: 0.0.0-SNAPSHOT-PR-1-1/" values.yaml
echo "  version: 0.0.0-SNAPSHOT-PR-1-1" >> requirements.yaml
** step helm build
WARNING: No $CHART_REPOSITORY defined so using the default value of: http://jenkins-x-chartmuseum:8080
Adding missing Helm repo: storage.googleapis.com https://storage.googleapis.com/chartmuseum.jenkins-x.io
Read credentials for https://storage.googleapis.com/chartmuseum.jenkins-x.io from vault helm/repos
Successfully added Helm repository storage.googleapis.com.
Adding missing Helm repo: jenkins-x-chartmuseum http://jenkins-x-chartmuseum:8080
Read credentials for http://jenkins-x-chartmuseum:8080 from vault helm/repos
Successfully added Helm repository jenkins-x-chartmuseum.
WARNING: No $CHART_REPOSITORY defined so using the default value of: http://jenkins-x-chartmuseum:8080
Adding missing Helm repo: chartmuseum.jenkins-x.io http://chartmuseum.jenkins-x.io
Read credentials for http://chartmuseum.jenkins-x.io from vault helm/repos
Successfully added Helm repository chartmuseum.jenkins-x.io.

Showing logs for build [32mcb-kubecd-bdd-gh-1577456701-pr-1[0m stage [32mfrom-build-pack[0m and container [32mstep-promote-jx-preview[0m
Creating a preview
Created environment cb-kubecd-bdd-gh-1577456701-pr-1
Namespace **-cb-kubecd-bdd-gh-1577456701-pr-1 created 
expose:
  Annotations:
    helm.sh/hook: post-install,post-upgrade
    helm.sh/hook-delete-policy: hook-succeeded
  config:
    domain: c**d1.bdd.jenkins-x.rocks
    exposer: Ingress
    http: "true"
preview:
  image:
    repository: gcr.io/jenkins-x-bdd3/bdd-gh-1577456701
    tag: 0.0.0-SNAPSHOT-PR-1-1


Updating PipelineActivities cb-kubecd-bdd-gh-1577456701-pr-1-1 which has status Running
WARNING: preview application http://bdd-gh-1577456701.**-cb-kubecd-bdd-gh-1577456701-pr-1.c**d1.bdd.jenkins-x.rocks not available, error was Get http://bdd-gh-1577456701.**-cb-kubecd-bdd-gh-1577456701-pr-1.c**d1.bdd.jenkins-x.rocks: dial tcp: lookup bdd-gh-1577456701.**-cb-kubecd-bdd-gh-1577456701-pr-1.c**d1.bdd.jenkins-x.rocks on 10.11.240.10:53: no such host, delaying for: 1.050146921s
WARNING: preview application http://bdd-gh-1577456701.**-cb-kubecd-bdd-gh-1577456701-pr-1.c**d1.bdd.jenkins-x.rocks not available, error was Get http://bdd-gh-1577456701.**-cb-kubecd-bdd-gh-1577456701-pr-1.c**d1.bdd.jenkins-x.rocks: dial tcp: lookup bdd-gh-1577456701.**-cb-kubecd-bdd-gh-1577456701-pr-1.c**d1.bdd.jenkins-x.rocks on 10.11.240.10:53: no such host, delaying for: 2.123731972s
WARNING: preview application http://bdd-gh-1577456701.**-cb-kubecd-bdd-gh-1577456701-pr-1.c**d1.bdd.jenkins-x.rocks not available, error was Get http://bdd-gh-1577456701.**-cb-kubecd-bdd-gh-1577456701-pr-1.c**d1.bdd.jenkins-x.rocks: dial tcp: lookup bdd-gh-1577456701.**-cb-kubecd-bdd-gh-1577456701-pr-1.c**d1.bdd.jenkins-x.rocks on 10.11.240.10:53: no such host, delaying for: 2.458403445s
WARNING: preview application http://bdd-gh-1577456701.**-cb-kubecd-bdd-gh-1577456701-pr-1.c**d1.bdd.jenkins-x.rocks not available, error was Get http://bdd-gh-1577456701.**-cb-kubecd-bdd-gh-1577456701-pr-1.c**d1.bdd.jenkins-x.rocks: dial tcp: lookup bdd-gh-1577456701.**-cb-kubecd-bdd-gh-1577456701-pr-1.c**d1.bdd.jenkins-x.rocks on 10.11.240.10:53: no such host, delaying for: 3.806441792s
WARNING: preview application http://bdd-gh-1577456701.**-cb-kubecd-bdd-gh-1577456701-pr-1.c**d1.bdd.jenkins-x.rocks not available, error was Get http://bdd-gh-1577456701.**-cb-kubecd-bdd-gh-1577456701-pr-1.c**d1.bdd.jenkins-x.rocks: dial tcp: lookup bdd-gh-1577456701.**-cb-kubecd-bdd-gh-1577456701-pr-1.c**d1.bdd.jenkins-x.rocks on 10.11.240.10:53: no such host, delaying for: 6.567118239s
WARNING: preview application http://bdd-gh-1577456701.**-cb-kubecd-bdd-gh-1577456701-pr-1.c**d1.bdd.jenkins-x.rocks not available, error was Get http://bdd-gh-1577456701.**-cb-kubecd-bdd-gh-1577456701-pr-1.c**d1.bdd.jenkins-x.rocks: dial tcp: lookup bdd-gh-1577456701.**-cb-kubecd-bdd-gh-1577456701-pr-1.c**d1.bdd.jenkins-x.rocks on 10.11.240.10:53: no such host, delaying for: 6.190486398s
WARNING: preview application http://bdd-gh-1577456701.**-cb-kubecd-bdd-gh-1577456701-pr-1.c**d1.bdd.jenkins-x.rocks not available, error was Get http://bdd-gh-1577456701.**-cb-kubecd-bdd-gh-1577456701-pr-1.c**d1.bdd.jenkins-x.rocks: dial tcp: lookup bdd-gh-1577456701.**-cb-kubecd-bdd-gh-1577456701-pr-1.c**d1.bdd.jenkins-x.rocks on 10.11.240.10:53: no such host, delaying for: 5.84140762s
WARNING: preview application http://bdd-gh-1577456701.**-cb-kubecd-bdd-gh-1577456701-pr-1.c**d1.bdd.jenkins-x.rocks not available, error was Get http://bdd-gh-1577456701.**-cb-kubecd-bdd-gh-1577456701-pr-1.c**d1.bdd.jenkins-x.rocks: dial tcp: lookup bdd-gh-1577456701.**-cb-kubecd-bdd-gh-1577456701-pr-1.c**d1.bdd.jenkins-x.rocks on 10.11.240.10:53: no such host, delaying for: 14.204706135s
WARNING: preview application http://bdd-gh-1577456701.**-cb-kubecd-bdd-gh-1577456701-pr-1.c**d1.bdd.jenkins-x.rocks not available, error was Get http://bdd-gh-1577456701.**-cb-kubecd-bdd-gh-1577456701-pr-1.c**d1.bdd.jenkins-x.rocks: dial tcp: lookup bdd-gh-1577456701.**-cb-kubecd-bdd-gh-1577456701-pr-1.c**d1.bdd.jenkins-x.rocks on 10.11.240.10:53: no such host, delaying for: 37.773980375s
WARNING: preview application http://bdd-gh-1577456701.**-cb-kubecd-bdd-gh-1577456701-pr-1.c**d1.bdd.jenkins-x.rocks not available, error was Get http://bdd-gh-1577456701.**-cb-kubecd-bdd-gh-1577456701-pr-1.c**d1.bdd.jenkins-x.rocks: dial tcp: lookup bdd-gh-1577456701.**-cb-kubecd-bdd-gh-1577456701-pr-1.c**d1.bdd.jenkins-x.rocks on 10.11.240.10:53: no such host, delaying for: 55.738381144s
WARNING: preview application http://bdd-gh-1577456701.**-cb-kubecd-bdd-gh-1577456701-pr-1.c**d1.bdd.jenkins-x.rocks not available, error was Get http://bdd-gh-1577456701.**-cb-kubecd-bdd-gh-1577456701-pr-1.c**d1.bdd.jenkins-x.rocks: dial tcp: lookup bdd-gh-1577456701.**-cb-kubecd-bdd-gh-1577456701-pr-1.c**d1.bdd.jenkins-x.rocks on 10.11.240.10:53: no such host, delaying for: 1m4.921413071s
WARNING: preview application http://bdd-gh-1577456701.**-cb-kubecd-bdd-gh-1577456701-pr-1.c**d1.bdd.jenkins-x.rocks not available, error was Get http://bdd-gh-1577456701.**-cb-kubecd-bdd-gh-1577456701-pr-1.c**d1.bdd.jenkins-x.rocks: dial tcp: lookup bdd-gh-1577456701.**-cb-kubecd-bdd-gh-1577456701-pr-1.c**d1.bdd.jenkins-x.rocks on 10.11.240.10:53: no such host, delaying for: 1m15.104434734s
WARNING: preview application http://bdd-gh-1577456701.**-cb-kubecd-bdd-gh-1577456701-pr-1.c**d1.bdd.jenkins-x.rocks not available, error was Get http://bdd-gh-1577456701.**-cb-kubecd-bdd-gh-1577456701-pr-1.c**d1.bdd.jenkins-x.rocks: dial tcp: lookup bdd-gh-1577456701.**-cb-kubecd-bdd-gh-1577456701-pr-1.c**d1.bdd.jenkins-x.rocks on 10.11.240.10:53: no such host, delaying for: 48.630616573s
Preview application is now available at: http://bdd-gh-1577456701.**-cb-kubecd-bdd-gh-1577456701-pr-1.c**d1.bdd.jenkins-x.rocks
